<?xml version="1.0" encoding="UTF-8"?>
<testng-results skipped="0" failed="0" ignored="0" total="1" passed="1">
  <reporter-output>
  </reporter-output>
  <suite name="Default suite" duration-ms="7488" started-at="2020-02-24T12:23:22Z" finished-at="2020-02-24T12:23:30Z">
    <groups>
    </groups>
    <test name="Default test" duration-ms="7488" started-at="2020-02-24T12:23:22Z" finished-at="2020-02-24T12:23:30Z">
      <class name="com.qa.rest.test.CookieBasedAuthentication">
        <test-method status="PASS" signature="createIssue()[pri:0, instance:com.qa.rest.test.CookieBasedAuthentication@38203]" name="createIssue" duration-ms="7456" started-at="2020-02-24T12:23:22Z" finished-at="2020-02-24T12:23:30Z">
          <reporter-output>
          </reporter-output>
        </test-method> <!-- createIssue -->
      </class> <!-- com.qa.rest.test.CookieBasedAuthentication -->
    </test> <!-- Default test -->
  </suite> <!-- Default suite -->
</testng-results>
